\BOOKMARK [1][-]{section.1}{Intorducci\363n}{}% 1
\BOOKMARK [1][-]{section.2}{Descripci\363n de los modelos}{}% 2
\BOOKMARK [2][-]{subsection.2.1}{Modelo para la compra}{section.2}% 3
\BOOKMARK [3][-]{subsubsection.2.1.1}{Conjuntos}{subsection.2.1}% 4
\BOOKMARK [3][-]{subsubsection.2.1.2}{Variables de decisi\363n}{subsection.2.1}% 5
\BOOKMARK [3][-]{subsubsection.2.1.3}{Parametros}{subsection.2.1}% 6
\BOOKMARK [3][-]{subsubsection.2.1.4}{Funcion objetivo}{subsection.2.1}% 7
\BOOKMARK [3][-]{subsubsection.2.1.5}{Restricciones}{subsection.2.1}% 8
\BOOKMARK [2][-]{subsection.2.2}{Modelo para el transporte}{section.2}% 9
\BOOKMARK [3][-]{subsubsection.2.2.1}{Conjuntos}{subsection.2.2}% 10
\BOOKMARK [3][-]{subsubsection.2.2.2}{Variables de decisi\363n}{subsection.2.2}% 11
\BOOKMARK [3][-]{subsubsection.2.2.3}{Parametros}{subsection.2.2}% 12
\BOOKMARK [3][-]{subsubsection.2.2.4}{Funcion objetivo}{subsection.2.2}% 13
\BOOKMARK [3][-]{subsubsection.2.2.5}{Restricciones}{subsection.2.2}% 14
\BOOKMARK [2][-]{subsection.2.3}{Programacion Dinamica}{section.2}% 15
\BOOKMARK [1][-]{section.3}{Analisis de los resultados}{}% 16
\BOOKMARK [2][-]{subsection.3.1}{Describir la solucion y analizar que restricciones limitan el problema}{section.3}% 17
\BOOKMARK [2][-]{subsection.3.2}{Analisis de complejidad}{section.3}% 18
\BOOKMARK [2][-]{subsection.3.3}{Cuestiones}{section.3}% 19
\BOOKMARK [2][-]{subsection.3.4}{Ventajas y desventajas de calc}{section.3}% 20
\BOOKMARK [1][-]{section.4}{Conclusiones acerca de la pr\341ctica}{}% 21
